{
  "RSpec": {
    "coverage": {
      "/Users/domlee590/Documents/Projects/TradingBotApp/app/helpers/application_helper.rb": {
        "lines": [
          1,
          null
        ]
      },
      "/Users/domlee590/Documents/Projects/TradingBotApp/app/helpers/bot_run_helper.rb": {
        "lines": [
          1,
          null
        ]
      },
      "/Users/domlee590/Documents/Projects/TradingBotApp/app/helpers/bots_helper.rb": {
        "lines": [
          1,
          null
        ]
      },
      "/Users/domlee590/Documents/Projects/TradingBotApp/app/helpers/create_helper.rb": {
        "lines": [
          1,
          null
        ]
      },
      "/Users/domlee590/Documents/Projects/TradingBotApp/app/helpers/edu_helper.rb": {
        "lines": [
          1,
          null
        ]
      },
      "/Users/domlee590/Documents/Projects/TradingBotApp/app/helpers/home_helper.rb": {
        "lines": [
          1,
          null
        ]
      },
      "/Users/domlee590/Documents/Projects/TradingBotApp/app/helpers/login_helper.rb": {
        "lines": [
          1,
          null
        ]
      },
      "/Users/domlee590/Documents/Projects/TradingBotApp/app/helpers/modify_bot_helper.rb": {
        "lines": [
          1,
          null
        ]
      },
      "/Users/domlee590/Documents/Projects/TradingBotApp/app/helpers/sessions_helper.rb": {
        "lines": [
          1,
          null
        ]
      },
      "/Users/domlee590/Documents/Projects/TradingBotApp/app/helpers/users_helper.rb": {
        "lines": [
          1,
          null
        ]
      },
      "/Users/domlee590/Documents/Projects/TradingBotApp/app/helpers/welcome_helper.rb": {
        "lines": [
          1,
          null
        ]
      },
      "/Users/domlee590/Documents/Projects/TradingBotApp/app/controllers/bots_controller.rb": {
        "lines": [
          1,
          1,
          1,
          null,
          null,
          null,
          1,
          1,
          1,
          null,
          1,
          null,
          null,
          1,
          1,
          1,
          null,
          1,
          1,
          null,
          1,
          1,
          1,
          null,
          null,
          1,
          3,
          3,
          null,
          3,
          2,
          1,
          1,
          null,
          1,
          null,
          1,
          1,
          1,
          1,
          1,
          1,
          1,
          null,
          null,
          null,
          1,
          null,
          null,
          null,
          null,
          1,
          3,
          null,
          3,
          2,
          1,
          1,
          null,
          1,
          null,
          1,
          1,
          null,
          null,
          1,
          1,
          1,
          null,
          null,
          1,
          null,
          null,
          null,
          1,
          1,
          1,
          null,
          null,
          null,
          null
        ]
      },
      "/Users/domlee590/Documents/Projects/TradingBotApp/app/controllers/application_controller.rb": {
        "lines": [
          1,
          1,
          1,
          1,
          1,
          11,
          null,
          1,
          11,
          null,
          null,
          1,
          5,
          null,
          null,
          null,
          null
        ]
      },
      "/Users/domlee590/Documents/Projects/TradingBotApp/app/controllers/edus_controller.rb": {
        "lines": [
          1,
          1,
          1,
          null,
          null,
          1,
          null,
          2,
          1,
          null,
          null,
          2,
          2,
          2,
          null,
          2,
          null,
          2,
          2,
          2,
          2,
          1,
          1,
          1,
          null,
          null,
          null,
          1,
          1,
          1,
          null,
          1,
          1,
          null,
          1,
          1,
          1,
          1,
          1,
          1,
          1,
          1,
          null,
          1,
          1,
          1,
          null,
          null
        ]
      },
      "/Users/domlee590/Documents/Projects/TradingBotApp/app/controllers/home_controller.rb": {
        "lines": [
          1,
          1,
          1,
          null,
          null
        ]
      },
      "/Users/domlee590/Documents/Projects/TradingBotApp/app/controllers/sessions_controller.rb": {
        "lines": [
          1,
          1,
          1,
          null,
          1,
          2,
          2,
          1,
          1,
          null,
          1,
          1,
          null,
          null,
          null,
          1,
          1,
          1,
          null,
          null
        ]
      },
      "/Users/domlee590/Documents/Projects/TradingBotApp/app/controllers/users_controller.rb": {
        "lines": [
          1,
          null,
          1,
          1,
          1,
          null,
          null,
          1,
          null,
          2,
          null,
          1,
          1,
          null,
          1,
          1,
          null,
          null,
          null,
          null
        ]
      },
      "/Users/domlee590/Documents/Projects/TradingBotApp/app/models/user.rb": {
        "lines": [
          1,
          1,
          null
        ]
      },
      "/Users/domlee590/Documents/Projects/TradingBotApp/app/models/bot.rb": {
        "lines": [
          1,
          null
        ]
      },
      "/Users/domlee590/Documents/Projects/TradingBotApp/app/models/bot_out.rb": {
        "lines": [
          1,
          null
        ]
      },
      "/Users/domlee590/Documents/Projects/TradingBotApp/app/models/edu.rb": {
        "lines": [
          1,
          null
        ]
      },
      "/Users/domlee590/Documents/Projects/TradingBotApp/app/models/edu_out.rb": {
        "lines": [
          1,
          null
        ]
      },
      "/Users/domlee590/Documents/Projects/TradingBotApp/app/channels/application_cable/channel.rb": {
        "lines": [
          null,
          null,
          null,
          null,
          null,
          null
        ],
        "branches": {
        }
      },
      "/Users/domlee590/Documents/Projects/TradingBotApp/app/channels/application_cable/connection.rb": {
        "lines": [
          null,
          null,
          null,
          null,
          null,
          null,
          null
        ],
        "branches": {
        }
      }
    },
    "timestamp": 1671418764
  }
}
